2021-03-04 15:14:16,470 - MyLog - DEBUG - 
SELECT USER_ID,
       PWD,
       USER_NAME,
       MOBILE,
       EMAIL,
       BIRTH,
       IN_DATE,
       IN_USER_ID,
       UP_DATE,
       UP_USER_ID
from suser
2021-03-04 15:14:30,311 - MyLog - DEBUG - 
SELECT survey_id,
       s_seq,
       question,
       a1,
       a2,
       a3,
       a4,
       in_date,
       in_user_id,
       up_date,
       up_user_id
from sdetail
2021-03-04 15:23:00,094 - MyLog - DEBUG - 
SELECT survey_id,
       s_seq,
       question,
       a1,
       a2,
       a3,
       a4,
       in_date,
       in_user_id,
       up_date,
       up_user_id
from sdetail
2021-03-04 15:23:03,571 - MyLog - DEBUG - 
SELECT USER_ID,
       PWD,
       USER_NAME,
       MOBILE,
       EMAIL,
       BIRTH,
       IN_DATE,
       IN_USER_ID,
       UP_DATE,
       UP_USER_ID
from suser
2021-03-04 15:23:04,611 - MyLog - DEBUG - 
SELECT survey_id,
       title,
       content,
       interview_cnt,
       deadline,
       in_date,
       in_user_id,
       up_date,
       up_user_id
from survey
2021-03-04 15:23:29,903 - MyLog - DEBUG - 
SELECT USER_ID,
       PWD,
       USER_NAME,
       MOBILE,
       EMAIL,
       BIRTH,
       IN_DATE,
       IN_USER_ID,
       UP_DATE,
       UP_USER_ID
from suser
2021-03-04 15:23:31,266 - MyLog - DEBUG - 
SELECT USER_ID,
       PWD,
       USER_NAME,
       MOBILE,
       EMAIL,
       BIRTH,
       IN_DATE,
       IN_USER_ID,
       UP_DATE,
       UP_USER_ID
from suser
2021-03-04 15:23:31,779 - MyLog - DEBUG - 
SELECT survey_id,
       title,
       content,
       interview_cnt,
       deadline,
       in_date,
       in_user_id,
       up_date,
       up_user_id
from survey
2021-03-04 15:23:33,369 - MyLog - DEBUG - 
SELECT USER_ID,
       PWD,
       USER_NAME,
       MOBILE,
       EMAIL,
       BIRTH,
       IN_DATE,
       IN_USER_ID,
       UP_DATE,
       UP_USER_ID
from suser
2021-03-04 15:23:36,166 - MyLog - DEBUG - 
SELECT survey_id,
       title,
       content,
       interview_cnt,
       deadline,
       in_date,
       in_user_id,
       up_date,
       up_user_id
from survey
2021-03-04 15:23:49,002 - MyLog - DEBUG - 
SELECT survey_id,
       title,
       content,
       interview_cnt,
       deadline,
       in_date,
       in_user_id,
       up_date,
       up_user_id
from survey
2021-03-04 15:24:11,111 - MyLog - DEBUG - 
SELECT survey_id,
       s_seq,
       question,
       a1,
       a2,
       a3,
       a4,
       in_date,
       in_user_id,
       up_date,
       up_user_id
from sdetail
2021-03-04 15:24:12,934 - MyLog - DEBUG - 
SELECT survey_id,
       title,
       content,
       interview_cnt,
       deadline,
       in_date,
       in_user_id,
       up_date,
       up_user_id
from survey
2021-03-04 15:24:13,643 - MyLog - DEBUG - 
SELECT USER_ID,
       PWD,
       USER_NAME,
       MOBILE,
       EMAIL,
       BIRTH,
       IN_DATE,
       IN_USER_ID,
       UP_DATE,
       UP_USER_ID
from suser
2021-03-04 15:24:14,507 - MyLog - DEBUG - 
SELECT survey_id,
       title,
       content,
       interview_cnt,
       deadline,
       in_date,
       in_user_id,
       up_date,
       up_user_id
from survey
2021-03-04 15:24:19,952 - MyLog - DEBUG - 
SELECT survey_id,
       s_seq,
       question,
       a1,
       a2,
       a3,
       a4,
       in_date,
       in_user_id,
       up_date,
       up_user_id
from sdetail
2021-03-04 15:24:50,164 - MyLog - DEBUG - 
SELECT survey_id,
       s_seq,
       question,
       a1,
       a2,
       a3,
       a4,
       in_date,
       in_user_id,
       up_date,
       up_user_id
from sdetail
2021-03-04 15:24:51,329 - MyLog - DEBUG - 
SELECT survey_id,
       title,
       content,
       interview_cnt,
       deadline,
       in_date,
       in_user_id,
       up_date,
       up_user_id
from survey
2021-03-04 15:24:51,764 - MyLog - DEBUG - 
SELECT USER_ID,
       PWD,
       USER_NAME,
       MOBILE,
       EMAIL,
       BIRTH,
       IN_DATE,
       IN_USER_ID,
       UP_DATE,
       UP_USER_ID
from suser
2021-03-04 15:24:52,164 - MyLog - DEBUG - 
SELECT survey_id,
       s_seq,
       question,
       a1,
       a2,
       a3,
       a4,
       in_date,
       in_user_id,
       up_date,
       up_user_id
from sdetail
2021-03-04 15:24:52,626 - MyLog - DEBUG - 
SELECT survey_id,
       title,
       content,
       interview_cnt,
       deadline,
       in_date,
       in_user_id,
       up_date,
       up_user_id
from survey
2021-03-04 15:24:53,545 - MyLog - DEBUG - 
SELECT survey_id,
       title,
       content,
       interview_cnt,
       deadline,
       in_date,
       in_user_id,
       up_date,
       up_user_id
from survey
2021-03-04 15:24:53,935 - MyLog - DEBUG - 
SELECT survey_id,
       s_seq,
       question,
       a1,
       a2,
       a3,
       a4,
       in_date,
       in_user_id,
       up_date,
       up_user_id
from sdetail
2021-03-04 15:24:54,116 - MyLog - DEBUG - 
SELECT survey_id,
       s_seq,
       question,
       a1,
       a2,
       a3,
       a4,
       in_date,
       in_user_id,
       up_date,
       up_user_id
from sdetail
2021-03-04 15:26:40,866 - MyLog - DEBUG - 
SELECT survey_id,
       s_seq,
       question,
       a1,
       a2,
       a3,
       a4,
       in_date,
       in_user_id,
       up_date,
       up_user_id
from sdetail
2021-03-04 15:26:43,665 - MyLog - DEBUG - 
SELECT USER_ID,
       PWD,
       USER_NAME,
       MOBILE,
       EMAIL,
       BIRTH,
       IN_DATE,
       IN_USER_ID,
       UP_DATE,
       UP_USER_ID
from suser
2021-03-04 15:26:44,730 - MyLog - DEBUG - 
SELECT survey_id,
       title,
       content,
       interview_cnt,
       deadline,
       in_date,
       in_user_id,
       up_date,
       up_user_id
from survey
2021-03-04 15:26:45,731 - MyLog - DEBUG - 
SELECT survey_id,
       s_seq,
       question,
       a1,
       a2,
       a3,
       a4,
       in_date,
       in_user_id,
       up_date,
       up_user_id
from sdetail
2021-03-04 15:26:46,680 - MyLog - DEBUG - 
SELECT survey_id,
       title,
       content,
       interview_cnt,
       deadline,
       in_date,
       in_user_id,
       up_date,
       up_user_id
from survey
2021-03-04 15:26:47,754 - MyLog - DEBUG - 
SELECT USER_ID,
       PWD,
       USER_NAME,
       MOBILE,
       EMAIL,
       BIRTH,
       IN_DATE,
       IN_USER_ID,
       UP_DATE,
       UP_USER_ID
from suser
2021-03-04 15:27:01,230 - MyLog - DEBUG - 
SELECT survey_id,
       s_seq,
       question,
       a1,
       a2,
       a3,
       a4,
       in_date,
       in_user_id,
       up_date,
       up_user_id
from sdetail
2021-03-04 15:27:41,099 - MyLog - DEBUG - 
SELECT survey_id,
       s_seq,
       question,
       a1,
       a2,
       a3,
       a4,
       in_date,
       in_user_id,
       up_date,
       up_user_id
from sdetail
2021-03-04 15:27:42,227 - MyLog - DEBUG - 
SELECT survey_id,
       s_seq,
       question,
       a1,
       a2,
       a3,
       a4,
       in_date,
       in_user_id,
       up_date,
       up_user_id
from sdetail
2021-03-04 15:27:42,548 - MyLog - DEBUG - 
SELECT survey_id,
       title,
       content,
       interview_cnt,
       deadline,
       in_date,
       in_user_id,
       up_date,
       up_user_id
from survey
2021-03-04 15:27:42,691 - MyLog - DEBUG - 
SELECT survey_id,
       title,
       content,
       interview_cnt,
       deadline,
       in_date,
       in_user_id,
       up_date,
       up_user_id
from survey
2021-03-04 15:27:43,356 - MyLog - DEBUG - 
SELECT USER_ID,
       PWD,
       USER_NAME,
       MOBILE,
       EMAIL,
       BIRTH,
       IN_DATE,
       IN_USER_ID,
       UP_DATE,
       UP_USER_ID
from suser
2021-03-04 15:27:44,084 - MyLog - DEBUG - 
SELECT survey_id,
       title,
       content,
       interview_cnt,
       deadline,
       in_date,
       in_user_id,
       up_date,
       up_user_id
from survey
2021-03-04 15:28:06,945 - MyLog - DEBUG - 
SELECT USER_ID,
       PWD,
       USER_NAME,
       MOBILE,
       EMAIL,
       BIRTH,
       IN_DATE,
       IN_USER_ID,
       UP_DATE,
       UP_USER_ID
from suser
2021-03-04 15:28:56,003 - MyLog - DEBUG - 
SELECT USER_ID,
       PWD,
       USER_NAME,
       MOBILE,
       EMAIL,
       BIRTH,
       IN_DATE,
       IN_USER_ID,
       UP_DATE,
       UP_USER_ID
from suser
2021-03-04 15:29:47,296 - MyLog - DEBUG - 
SELECT survey_id,
       title,
       content,
       interview_cnt,
       deadline,
       in_date,
       in_user_id,
       up_date,
       up_user_id
from survey
2021-03-04 15:29:49,462 - MyLog - DEBUG - 
SELECT USER_ID,
       PWD,
       USER_NAME,
       MOBILE,
       EMAIL,
       BIRTH,
       IN_DATE,
       IN_USER_ID,
       UP_DATE,
       UP_USER_ID
from suser
2021-03-04 15:30:03,036 - MyLog - DEBUG - 
SELECT USER_ID,
       PWD,
       USER_NAME,
       MOBILE,
       EMAIL,
       BIRTH,
       IN_DATE,
       IN_USER_ID,
       UP_DATE,
       UP_USER_ID
from suser
2021-03-04 15:30:03,842 - MyLog - DEBUG - 
SELECT survey_id,
       title,
       content,
       interview_cnt,
       deadline,
       in_date,
       in_user_id,
       up_date,
       up_user_id
from survey
2021-03-04 15:30:04,234 - MyLog - DEBUG - 
SELECT survey_id,
       s_seq,
       question,
       a1,
       a2,
       a3,
       a4,
       in_date,
       in_user_id,
       up_date,
       up_user_id
from sdetail
2021-03-04 15:30:04,602 - MyLog - DEBUG - 
SELECT USER_ID,
       PWD,
       USER_NAME,
       MOBILE,
       EMAIL,
       BIRTH,
       IN_DATE,
       IN_USER_ID,
       UP_DATE,
       UP_USER_ID
from suser
2021-03-04 15:31:46,716 - MyLog - DEBUG - 
SELECT USER_ID,
       PWD,
       USER_NAME,
       MOBILE,
       EMAIL,
       BIRTH,
       IN_DATE,
       IN_USER_ID,
       UP_DATE,
       UP_USER_ID
from suser
2021-03-04 15:31:51,468 - MyLog - DEBUG - 
update suser
set PWD=:1,
    USER_NAME=:2,
    MOBILE=:3,
    EMAIL=:4,
    BIRTH=:5,
    UP_DATE=to_char(sysdate, 'YYYYMMDD.HH24MISS'),
    UP_USER_ID=:6
where USER_ID=:7
2021-03-04 15:31:51,508 - MyLog - DEBUG - 
SELECT USER_ID,
       PWD,
       USER_NAME,
       MOBILE,
       EMAIL,
       BIRTH,
       IN_DATE,
       IN_USER_ID,
       UP_DATE,
       UP_USER_ID
from suser
2021-03-04 15:31:55,331 - MyLog - DEBUG - 
SELECT survey_id,
       title,
       content,
       interview_cnt,
       deadline,
       in_date,
       in_user_id,
       up_date,
       up_user_id
from survey
2021-03-04 15:32:57,928 - MyLog - DEBUG - 
SELECT USER_ID,
       PWD,
       USER_NAME,
       MOBILE,
       EMAIL,
       BIRTH,
       IN_DATE,
       IN_USER_ID,
       UP_DATE,
       UP_USER_ID
from suser
2021-03-04 15:33:01,248 - MyLog - DEBUG - 
SELECT survey_id,
       title,
       content,
       interview_cnt,
       deadline,
       in_date,
       in_user_id,
       up_date,
       up_user_id
from survey
2021-03-04 15:33:06,774 - MyLog - DEBUG - 
SELECT survey_id,
       s_seq,
       question,
       a1,
       a2,
       a3,
       a4,
       in_date,
       in_user_id,
       up_date,
       up_user_id
from sdetail
2021-03-04 15:33:09,250 - MyLog - DEBUG - 
SELECT survey_id,
       title,
       content,
       interview_cnt,
       deadline,
       in_date,
       in_user_id,
       up_date,
       up_user_id
from survey
2021-03-04 15:33:13,904 - MyLog - DEBUG - 
SELECT survey_id,
       title,
       content,
       interview_cnt,
       deadline,
       in_date,
       in_user_id,
       up_date,
       up_user_id
from survey
2021-03-04 15:42:37,384 - MyLog - DEBUG - 
SELECT USER_ID,
       PWD,
       USER_NAME,
       MOBILE,
       EMAIL,
       BIRTH,
       IN_DATE,
       IN_USER_ID,
       UP_DATE,
       UP_USER_ID
from suser
2021-03-04 16:15:43,659 - MyLog - DEBUG - 
SELECT USER_ID,
       PWD,
       USER_NAME,
       MOBILE,
       EMAIL,
       BIRTH,
       IN_DATE,
       IN_USER_ID,
       UP_DATE,
       UP_USER_ID
from suser
2021-03-04 16:15:45,746 - MyLog - DEBUG - 
SELECT survey_id,
       title,
       content,
       interview_cnt,
       deadline,
       in_date,
       in_user_id,
       up_date,
       up_user_id
from survey
2021-03-04 16:15:46,313 - MyLog - DEBUG - 
SELECT survey_id,
       s_seq,
       question,
       a1,
       a2,
       a3,
       a4,
       in_date,
       in_user_id,
       up_date,
       up_user_id
from sdetail
2021-03-04 16:15:47,094 - MyLog - DEBUG - 
SELECT survey_id,
       title,
       content,
       interview_cnt,
       deadline,
       in_date,
       in_user_id,
       up_date,
       up_user_id
from survey
2021-03-04 16:15:47,464 - MyLog - DEBUG - 
SELECT USER_ID,
       PWD,
       USER_NAME,
       MOBILE,
       EMAIL,
       BIRTH,
       IN_DATE,
       IN_USER_ID,
       UP_DATE,
       UP_USER_ID
from suser
2021-03-04 16:16:10,993 - MyLog - DEBUG - 
SELECT USER_ID,
       PWD,
       USER_NAME,
       MOBILE,
       EMAIL,
       BIRTH,
       IN_DATE,
       IN_USER_ID,
       UP_DATE,
       UP_USER_ID
from suser
2021-03-04 16:16:19,700 - MyLog - DEBUG - 
update suser
set PWD=:1,
    USER_NAME=:2,
    MOBILE=:3,
    EMAIL=:4,
    BIRTH=:5,
    UP_DATE=to_char(sysdate, 'YYYYMMDD.HH24MISS'),
    UP_USER_ID=:6
where USER_ID=:7
2021-03-04 16:16:19,740 - MyLog - DEBUG - 
SELECT USER_ID,
       PWD,
       USER_NAME,
       MOBILE,
       EMAIL,
       BIRTH,
       IN_DATE,
       IN_USER_ID,
       UP_DATE,
       UP_USER_ID
from suser
2021-03-04 16:16:22,488 - MyLog - DEBUG - 
SELECT USER_ID,
       PWD,
       USER_NAME,
       MOBILE,
       EMAIL,
       BIRTH,
       IN_DATE,
       IN_USER_ID,
       UP_DATE,
       UP_USER_ID
from suser
2021-03-04 16:16:23,231 - MyLog - DEBUG - 
SELECT survey_id,
       title,
       content,
       interview_cnt,
       deadline,
       in_date,
       in_user_id,
       up_date,
       up_user_id
from survey
2021-03-04 16:17:00,746 - MyLog - DEBUG - 
SELECT USER_ID,
       PWD,
       USER_NAME,
       MOBILE,
       EMAIL,
       BIRTH,
       IN_DATE,
       IN_USER_ID,
       UP_DATE,
       UP_USER_ID
from suser
2021-03-04 16:17:01,594 - MyLog - DEBUG - 
SELECT survey_id,
       s_seq,
       question,
       a1,
       a2,
       a3,
       a4,
       in_date,
       in_user_id,
       up_date,
       up_user_id
from sdetail
2021-03-04 16:17:04,482 - MyLog - DEBUG - 
update sdetail
set s_seq =:1,
    question =:2,
    a1 =:3,
    a2 =:4,
    a3 =:5,
    a4 =:6,
    up_date =to_char(sysdate, 'YYYYMMDD.HH24MISS'),
    up_user_id =:7
where survey_id =:8
2021-03-04 16:17:04,549 - MyLog - DEBUG - 
SELECT survey_id,
       s_seq,
       question,
       a1,
       a2,
       a3,
       a4,
       in_date,
       in_user_id,
       up_date,
       up_user_id
from sdetail
2021-03-04 16:17:06,097 - MyLog - DEBUG - 
SELECT survey_id,
       title,
       content,
       interview_cnt,
       deadline,
       in_date,
       in_user_id,
       up_date,
       up_user_id
from survey
2021-03-04 16:17:07,862 - MyLog - DEBUG - 
SELECT USER_ID,
       PWD,
       USER_NAME,
       MOBILE,
       EMAIL,
       BIRTH,
       IN_DATE,
       IN_USER_ID,
       UP_DATE,
       UP_USER_ID
from suser
2021-03-04 16:21:06,021 - MyLog - DEBUG - 
SELECT survey_id,
       s_seq,
       question,
       a1,
       a2,
       a3,
       a4,
       in_date,
       in_user_id,
       up_date,
       up_user_id
from sdetail
2021-03-04 16:21:09,515 - MyLog - DEBUG - 
SELECT survey_id,
       title,
       content,
       interview_cnt,
       deadline,
       in_date,
       in_user_id,
       up_date,
       up_user_id
from survey
2021-03-04 16:22:19,915 - MyLog - DEBUG - 
SELECT survey_id,
       title,
       content,
       interview_cnt,
       deadline,
       in_date,
       in_user_id,
       up_date,
       up_user_id
from survey
2021-03-04 16:22:21,488 - MyLog - DEBUG - 
SELECT USER_ID,
       PWD,
       USER_NAME,
       MOBILE,
       EMAIL,
       BIRTH,
       IN_DATE,
       IN_USER_ID,
       UP_DATE,
       UP_USER_ID
from suser
2021-03-04 16:22:22,328 - MyLog - DEBUG - 
SELECT survey_id,
       title,
       content,
       interview_cnt,
       deadline,
       in_date,
       in_user_id,
       up_date,
       up_user_id
from survey
2021-03-04 16:22:26,291 - MyLog - DEBUG - 
insert into survey (survey_id, title, content, interview_cnt, deadline, in_date, in_user_id, up_date, up_user_id)
values (:1, :2, :3, :4, :5, to_char(sysdate, 'YYYYMMDD.HH24MISS'), :6, to_char(sysdate, 'YYYYMMDD.HH24MISS'), :7)
2021-03-04 16:23:13,590 - MyLog - DEBUG - 
SELECT survey_id,
       title,
       content,
       interview_cnt,
       deadline,
       in_date,
       in_user_id,
       up_date,
       up_user_id
from survey
2021-03-04 16:23:14,679 - MyLog - DEBUG - 
SELECT survey_id,
       title,
       content,
       interview_cnt,
       deadline,
       in_date,
       in_user_id,
       up_date,
       up_user_id
from survey
2021-03-04 16:23:18,067 - MyLog - DEBUG - 
insert into survey (survey_id, title, content, interview_cnt, deadline, in_date, in_user_id, up_date, up_user_id)
values (:1, :2, :3, :4, :5, to_char(sysdate, 'YYYYMMDD.HH24MISS'), :6, to_char(sysdate, 'YYYYMMDD.HH24MISS'), :7)
2021-03-04 16:25:47,744 - MyLog - DEBUG - 
SELECT USER_ID,
       PWD,
       USER_NAME,
       MOBILE,
       EMAIL,
       BIRTH,
       IN_DATE,
       IN_USER_ID,
       UP_DATE,
       UP_USER_ID
from suser
2021-03-04 16:25:48,223 - MyLog - DEBUG - 
SELECT survey_id,
       title,
       content,
       interview_cnt,
       deadline,
       in_date,
       in_user_id,
       up_date,
       up_user_id
from survey
2021-03-04 16:25:51,877 - MyLog - DEBUG - 
insert into survey (survey_id, title, content, interview_cnt, deadline, in_date, in_user_id, up_date, up_user_id)
values (:1, :2, :3, :4, :5, to_char(sysdate, 'YYYYMMDD.HH24MISS'), :6, to_char(sysdate, 'YYYYMMDD.HH24MISS'), :7)
2021-03-04 16:31:54,178 - MyLog - DEBUG - 
SELECT USER_ID,
       PWD,
       USER_NAME,
       MOBILE,
       EMAIL,
       BIRTH,
       IN_DATE,
       IN_USER_ID,
       UP_DATE,
       UP_USER_ID
from suser
2021-03-04 16:31:54,990 - MyLog - DEBUG - 
SELECT USER_ID,
       PWD,
       USER_NAME,
       MOBILE,
       EMAIL,
       BIRTH,
       IN_DATE,
       IN_USER_ID,
       UP_DATE,
       UP_USER_ID
from suser
2021-03-04 16:31:55,313 - MyLog - DEBUG - 
SELECT survey_id,
       title,
       content,
       interview_cnt,
       deadline,
       in_date,
       in_user_id,
       up_date,
       up_user_id
from survey
2021-03-04 16:31:59,093 - MyLog - DEBUG - 
insert into survey (survey_id, title, content, interview_cnt, deadline, in_date, in_user_id, up_date, up_user_id)
values (:1, :2, :3, :4, :5, to_char(sysdate, 'YYYYMMDD.HH24MISS'), :6, to_char(sysdate, 'YYYYMMDD.HH24MISS'), :7)
2021-03-04 16:32:22,542 - MyLog - DEBUG - 
SELECT USER_ID,
       PWD,
       USER_NAME,
       MOBILE,
       EMAIL,
       BIRTH,
       IN_DATE,
       IN_USER_ID,
       UP_DATE,
       UP_USER_ID
from suser
2021-03-04 16:32:24,032 - MyLog - DEBUG - 
SELECT survey_id,
       title,
       content,
       interview_cnt,
       deadline,
       in_date,
       in_user_id,
       up_date,
       up_user_id
from survey
2021-03-04 16:32:25,142 - MyLog - DEBUG - 
SELECT survey_id,
       s_seq,
       question,
       a1,
       a2,
       a3,
       a4,
       in_date,
       in_user_id,
       up_date,
       up_user_id
from sdetail
2021-03-04 16:32:25,713 - MyLog - DEBUG - 
SELECT survey_id,
       title,
       content,
       interview_cnt,
       deadline,
       in_date,
       in_user_id,
       up_date,
       up_user_id
from survey
2021-03-04 16:32:26,416 - MyLog - DEBUG - 
SELECT USER_ID,
       PWD,
       USER_NAME,
       MOBILE,
       EMAIL,
       BIRTH,
       IN_DATE,
       IN_USER_ID,
       UP_DATE,
       UP_USER_ID
from suser
2021-03-04 16:32:39,544 - MyLog - DEBUG - 
SELECT USER_ID,
       PWD,
       USER_NAME,
       MOBILE,
       EMAIL,
       BIRTH,
       IN_DATE,
       IN_USER_ID,
       UP_DATE,
       UP_USER_ID
from suser
2021-03-04 16:32:41,061 - MyLog - DEBUG - 
SELECT survey_id,
       title,
       content,
       interview_cnt,
       deadline,
       in_date,
       in_user_id,
       up_date,
       up_user_id
from survey
2021-03-04 16:32:42,008 - MyLog - DEBUG - 
SELECT survey_id,
       s_seq,
       question,
       a1,
       a2,
       a3,
       a4,
       in_date,
       in_user_id,
       up_date,
       up_user_id
from sdetail
2021-03-04 16:32:42,655 - MyLog - DEBUG - 
SELECT survey_id,
       title,
       content,
       interview_cnt,
       deadline,
       in_date,
       in_user_id,
       up_date,
       up_user_id
from survey
2021-03-04 16:32:43,241 - MyLog - DEBUG - 
SELECT USER_ID,
       PWD,
       USER_NAME,
       MOBILE,
       EMAIL,
       BIRTH,
       IN_DATE,
       IN_USER_ID,
       UP_DATE,
       UP_USER_ID
from suser
2021-03-04 16:32:48,142 - MyLog - DEBUG - 
SELECT USER_ID,
       PWD,
       USER_NAME,
       MOBILE,
       EMAIL,
       BIRTH,
       IN_DATE,
       IN_USER_ID,
       UP_DATE,
       UP_USER_ID
from suser
2021-03-04 16:33:54,711 - MyLog - DEBUG - 
SELECT survey_id,
       title,
       content,
       interview_cnt,
       deadline,
       in_date,
       in_user_id,
       up_date,
       up_user_id
from survey
2021-03-04 16:33:58,320 - MyLog - DEBUG - 
insert into survey (survey_id, title, content, interview_cnt, deadline, in_date, in_user_id, up_date, up_user_id)
values (:1, :2, :3, :4, :5, to_char(sysdate, 'YYYYMMDD.HH24MISS'), :6, to_char(sysdate, 'YYYYMMDD.HH24MISS'), :7)
2021-03-04 16:59:40,667 - MyLog - DEBUG - 
SELECT USER_ID,
       PWD,
       USER_NAME,
       MOBILE,
       EMAIL,
       BIRTH,
       IN_DATE,
       IN_USER_ID,
       UP_DATE,
       UP_USER_ID
from suser
where user_id =:1
  and pwd =:2
2021-03-04 17:01:48,370 - MyLog - DEBUG - 
SELECT USER_ID,
       PWD,
       USER_NAME,
       MOBILE,
       EMAIL,
       BIRTH,
       IN_DATE,
       IN_USER_ID,
       UP_DATE,
       UP_USER_ID
from suser
where user_id =:1
  and pwd =:2
2021-03-04 17:01:58,292 - MyLog - DEBUG - 
SELECT USER_ID,
       PWD,
       USER_NAME,
       MOBILE,
       EMAIL,
       BIRTH,
       IN_DATE,
       IN_USER_ID,
       UP_DATE,
       UP_USER_ID
from suser
2021-03-04 17:01:59,999 - MyLog - DEBUG - 
SELECT survey_id,
       title,
       content,
       interview_cnt,
       deadline,
       in_date,
       in_user_id,
       up_date,
       up_user_id
from survey
2021-03-04 17:02:00,696 - MyLog - DEBUG - 
SELECT survey_id,
       s_seq,
       question,
       a1,
       a2,
       a3,
       a4,
       in_date,
       in_user_id,
       up_date,
       up_user_id
from sdetail
2021-03-04 17:02:01,567 - MyLog - DEBUG - 
SELECT USER_ID,
       PWD,
       USER_NAME,
       MOBILE,
       EMAIL,
       BIRTH,
       IN_DATE,
       IN_USER_ID,
       UP_DATE,
       UP_USER_ID
from suser
2021-03-04 17:02:59,524 - MyLog - DEBUG - 
SELECT USER_ID,
       PWD,
       USER_NAME,
       MOBILE,
       EMAIL,
       BIRTH,
       IN_DATE,
       IN_USER_ID,
       UP_DATE,
       UP_USER_ID
from suser
where user_id =:1
  and pwd =:2
2021-03-04 17:04:32,978 - MyLog - DEBUG - 
SELECT USER_ID,
       PWD,
       USER_NAME,
       MOBILE,
       EMAIL,
       BIRTH,
       IN_DATE,
       IN_USER_ID,
       UP_DATE,
       UP_USER_ID
from suser
where user_id =:1
  and pwd =:2
2021-03-04 17:04:40,965 - MyLog - DEBUG - 
SELECT USER_ID,
       PWD,
       USER_NAME,
       MOBILE,
       EMAIL,
       BIRTH,
       IN_DATE,
       IN_USER_ID,
       UP_DATE,
       UP_USER_ID
from suser
where user_id =:1
  and pwd =:2
2021-03-04 17:04:43,615 - MyLog - DEBUG - 
SELECT USER_ID,
       PWD,
       USER_NAME,
       MOBILE,
       EMAIL,
       BIRTH,
       IN_DATE,
       IN_USER_ID,
       UP_DATE,
       UP_USER_ID
from suser
where user_id =:1
  and pwd =:2
2021-03-04 17:05:24,967 - MyLog - DEBUG - 
SELECT USER_ID,
       PWD,
       USER_NAME,
       MOBILE,
       EMAIL,
       BIRTH,
       IN_DATE,
       IN_USER_ID,
       UP_DATE,
       UP_USER_ID
from suser
where user_id =:1
  and pwd =:2
2021-03-04 17:05:34,390 - MyLog - DEBUG - 
SELECT USER_ID,
       PWD,
       USER_NAME,
       MOBILE,
       EMAIL,
       BIRTH,
       IN_DATE,
       IN_USER_ID,
       UP_DATE,
       UP_USER_ID
from suser
where user_id =:1
  and pwd =:2
2021-03-04 17:05:40,734 - MyLog - DEBUG - 
SELECT USER_ID,
       PWD,
       USER_NAME,
       MOBILE,
       EMAIL,
       BIRTH,
       IN_DATE,
       IN_USER_ID,
       UP_DATE,
       UP_USER_ID
from suser
where user_id =:1
  and pwd =:2
2021-03-04 17:05:54,707 - MyLog - DEBUG - 
SELECT USER_ID,
       PWD,
       USER_NAME,
       MOBILE,
       EMAIL,
       BIRTH,
       IN_DATE,
       IN_USER_ID,
       UP_DATE,
       UP_USER_ID
from suser
where user_id =:1
  and pwd =:2
2021-03-04 17:06:39,303 - MyLog - DEBUG - 
SELECT USER_ID,
       PWD,
       USER_NAME,
       MOBILE,
       EMAIL,
       BIRTH,
       IN_DATE,
       IN_USER_ID,
       UP_DATE,
       UP_USER_ID
from suser
where user_id =:1
  and pwd =:2
2021-03-04 17:07:14,529 - MyLog - DEBUG - 
SELECT USER_ID,
       PWD,
       USER_NAME,
       MOBILE,
       EMAIL,
       BIRTH,
       IN_DATE,
       IN_USER_ID,
       UP_DATE,
       UP_USER_ID
from suser
where user_id =:1
  and pwd =:2
2021-03-04 17:07:33,992 - MyLog - DEBUG - 
SELECT USER_ID,
       PWD,
       USER_NAME,
       MOBILE,
       EMAIL,
       BIRTH,
       IN_DATE,
       IN_USER_ID,
       UP_DATE,
       UP_USER_ID
from suser
where user_id =:1
  and pwd =:2
2021-03-04 17:08:53,673 - MyLog - DEBUG - 
SELECT USER_ID,
       PWD,
       USER_NAME,
       MOBILE,
       EMAIL,
       BIRTH,
       IN_DATE,
       IN_USER_ID,
       UP_DATE,
       UP_USER_ID
from suser
where user_id =:1
  and pwd =:2
2021-03-04 17:09:02,551 - MyLog - DEBUG - 
SELECT USER_ID,
       PWD,
       USER_NAME,
       MOBILE,
       EMAIL,
       BIRTH,
       IN_DATE,
       IN_USER_ID,
       UP_DATE,
       UP_USER_ID
from suser
where user_id =:1
  and pwd =:2
2021-03-04 17:09:05,141 - MyLog - DEBUG - 
SELECT USER_ID,
       PWD,
       USER_NAME,
       MOBILE,
       EMAIL,
       BIRTH,
       IN_DATE,
       IN_USER_ID,
       UP_DATE,
       UP_USER_ID
from suser
where user_id =:1
  and pwd =:2
2021-03-04 17:09:42,175 - MyLog - DEBUG - 
SELECT USER_ID,
       PWD,
       USER_NAME,
       MOBILE,
       EMAIL,
       BIRTH,
       IN_DATE,
       IN_USER_ID,
       UP_DATE,
       UP_USER_ID
from suser
where user_id =:1
  and pwd =:2
2021-03-04 17:10:06,412 - MyLog - DEBUG - 
SELECT USER_ID,
       PWD,
       USER_NAME,
       MOBILE,
       EMAIL,
       BIRTH,
       IN_DATE,
       IN_USER_ID,
       UP_DATE,
       UP_USER_ID
from suser
2021-03-04 17:10:07,198 - MyLog - DEBUG - 
SELECT survey_id,
       title,
       content,
       interview_cnt,
       deadline,
       in_date,
       in_user_id,
       up_date,
       up_user_id
from survey
2021-03-04 17:10:07,704 - MyLog - DEBUG - 
SELECT survey_id,
       s_seq,
       question,
       a1,
       a2,
       a3,
       a4,
       in_date,
       in_user_id,
       up_date,
       up_user_id
from sdetail
2021-03-04 17:10:09,240 - MyLog - DEBUG - 
SELECT USER_ID,
       PWD,
       USER_NAME,
       MOBILE,
       EMAIL,
       BIRTH,
       IN_DATE,
       IN_USER_ID,
       UP_DATE,
       UP_USER_ID
from suser
2021-03-04 17:10:10,132 - MyLog - DEBUG - 
SELECT survey_id,
       title,
       content,
       interview_cnt,
       deadline,
       in_date,
       in_user_id,
       up_date,
       up_user_id
from survey
2021-03-04 17:10:10,439 - MyLog - DEBUG - 
SELECT survey_id,
       s_seq,
       question,
       a1,
       a2,
       a3,
       a4,
       in_date,
       in_user_id,
       up_date,
       up_user_id
from sdetail
2021-03-04 17:10:10,823 - MyLog - DEBUG - 
SELECT survey_id,
       title,
       content,
       interview_cnt,
       deadline,
       in_date,
       in_user_id,
       up_date,
       up_user_id
from survey
2021-03-04 17:10:11,134 - MyLog - DEBUG - 
SELECT USER_ID,
       PWD,
       USER_NAME,
       MOBILE,
       EMAIL,
       BIRTH,
       IN_DATE,
       IN_USER_ID,
       UP_DATE,
       UP_USER_ID
from suser
2021-03-04 17:10:24,197 - MyLog - DEBUG - 
SELECT USER_ID,
       PWD,
       USER_NAME,
       MOBILE,
       EMAIL,
       BIRTH,
       IN_DATE,
       IN_USER_ID,
       UP_DATE,
       UP_USER_ID
from suser
2021-03-04 17:10:25,342 - MyLog - DEBUG - 
SELECT survey_id,
       title,
       content,
       interview_cnt,
       deadline,
       in_date,
       in_user_id,
       up_date,
       up_user_id
from survey
2021-03-04 17:10:25,679 - MyLog - DEBUG - 
SELECT survey_id,
       s_seq,
       question,
       a1,
       a2,
       a3,
       a4,
       in_date,
       in_user_id,
       up_date,
       up_user_id
from sdetail
2021-03-04 17:10:26,061 - MyLog - DEBUG - 
SELECT survey_id,
       title,
       content,
       interview_cnt,
       deadline,
       in_date,
       in_user_id,
       up_date,
       up_user_id
from survey
2021-03-04 17:10:26,420 - MyLog - DEBUG - 
SELECT USER_ID,
       PWD,
       USER_NAME,
       MOBILE,
       EMAIL,
       BIRTH,
       IN_DATE,
       IN_USER_ID,
       UP_DATE,
       UP_USER_ID
from suser
2021-03-04 20:48:10,155 - MyLog - DEBUG - 
SELECT survey_id,
       title,
       content,
       interview_cnt,
       deadline,
       in_date,
       in_user_id,
       up_date,
       up_user_id
from survey
2021-03-04 20:48:14,539 - MyLog - DEBUG - 
insert into survey (survey_id, title, content, interview_cnt, deadline, in_date, in_user_id, up_date, up_user_id)
values (:1, :2, :3, :4, :5, to_char(sysdate, 'YYYYMMDD.HH24MISS'), :6, to_char(sysdate, 'YYYYMMDD.HH24MISS'), :7)
2021-03-04 20:48:14,892 - MyLog - DEBUG - 
insert into survey (survey_id, title, content, interview_cnt, deadline, in_date, in_user_id, up_date, up_user_id)
values (:1, :2, :3, :4, :5, to_char(sysdate, 'YYYYMMDD.HH24MISS'), :6, to_char(sysdate, 'YYYYMMDD.HH24MISS'), :7)
2021-03-04 20:48:15,026 - MyLog - DEBUG - 
insert into survey (survey_id, title, content, interview_cnt, deadline, in_date, in_user_id, up_date, up_user_id)
values (:1, :2, :3, :4, :5, to_char(sysdate, 'YYYYMMDD.HH24MISS'), :6, to_char(sysdate, 'YYYYMMDD.HH24MISS'), :7)
2021-03-04 20:48:15,153 - MyLog - DEBUG - 
insert into survey (survey_id, title, content, interview_cnt, deadline, in_date, in_user_id, up_date, up_user_id)
values (:1, :2, :3, :4, :5, to_char(sysdate, 'YYYYMMDD.HH24MISS'), :6, to_char(sysdate, 'YYYYMMDD.HH24MISS'), :7)
2021-03-04 20:56:13,579 - MyLog - DEBUG - 
SELECT survey_id,
       title,
       content,
       interview_cnt,
       deadline,
       in_date,
       in_user_id,
       up_date,
       up_user_id
from survey
2021-03-04 20:56:17,266 - MyLog - DEBUG - 
insert into survey (survey_id, title, content, interview_cnt, deadline, in_date, in_user_id, up_date, up_user_id)
values (:1, :2, :3, :4, :5, to_char(sysdate, 'YYYYMMDD.HH24MISS'), :6, to_char(sysdate, 'YYYYMMDD.HH24MISS'), :7)
2021-03-04 20:56:17,319 - MyLog - DEBUG - 
SELECT survey_id,
       title,
       content,
       interview_cnt,
       deadline,
       in_date,
       in_user_id,
       up_date,
       up_user_id
from survey
2021-03-04 20:56:25,965 - MyLog - DEBUG - 
update survey
set title =:1,
    content =:2,
    interview_cnt =:3,
    deadline =:4,
    up_date =to_char(sysdate, 'YYYYMMDD.HH24MISS'),
    up_user_id =:5
where survey_id =:6
2021-03-04 20:56:27,304 - MyLog - DEBUG - 
update survey
set title =:1,
    content =:2,
    interview_cnt =:3,
    deadline =:4,
    up_date =to_char(sysdate, 'YYYYMMDD.HH24MISS'),
    up_user_id =:5
where survey_id =:6
2021-03-04 20:56:27,456 - MyLog - DEBUG - 
update survey
set title =:1,
    content =:2,
    interview_cnt =:3,
    deadline =:4,
    up_date =to_char(sysdate, 'YYYYMMDD.HH24MISS'),
    up_user_id =:5
where survey_id =:6
2021-03-04 20:56:32,341 - MyLog - DEBUG - 
delete
from survey
where survey_id = :1
2021-03-04 20:56:32,380 - MyLog - DEBUG - 
SELECT survey_id,
       title,
       content,
       interview_cnt,
       deadline,
       in_date,
       in_user_id,
       up_date,
       up_user_id
from survey
2021-03-04 20:56:37,101 - MyLog - DEBUG - 
insert into survey (survey_id, title, content, interview_cnt, deadline, in_date, in_user_id, up_date, up_user_id)
values (:1, :2, :3, :4, :5, to_char(sysdate, 'YYYYMMDD.HH24MISS'), :6, to_char(sysdate, 'YYYYMMDD.HH24MISS'), :7)
2021-03-04 20:56:37,153 - MyLog - DEBUG - 
SELECT survey_id,
       title,
       content,
       interview_cnt,
       deadline,
       in_date,
       in_user_id,
       up_date,
       up_user_id
from survey
2021-03-04 20:56:42,220 - MyLog - DEBUG - 
insert into survey (survey_id, title, content, interview_cnt, deadline, in_date, in_user_id, up_date, up_user_id)
values (:1, :2, :3, :4, :5, to_char(sysdate, 'YYYYMMDD.HH24MISS'), :6, to_char(sysdate, 'YYYYMMDD.HH24MISS'), :7)
2021-03-04 20:56:42,261 - MyLog - DEBUG - 
SELECT survey_id,
       title,
       content,
       interview_cnt,
       deadline,
       in_date,
       in_user_id,
       up_date,
       up_user_id
from survey
2021-03-04 20:56:46,611 - MyLog - DEBUG - 
update survey
set title =:1,
    content =:2,
    interview_cnt =:3,
    deadline =:4,
    up_date =to_char(sysdate, 'YYYYMMDD.HH24MISS'),
    up_user_id =:5
where survey_id =:6
2021-03-04 20:56:47,898 - MyLog - DEBUG - 
update survey
set title =:1,
    content =:2,
    interview_cnt =:3,
    deadline =:4,
    up_date =to_char(sysdate, 'YYYYMMDD.HH24MISS'),
    up_user_id =:5
where survey_id =:6
2021-03-04 20:56:48,041 - MyLog - DEBUG - 
update survey
set title =:1,
    content =:2,
    interview_cnt =:3,
    deadline =:4,
    up_date =to_char(sysdate, 'YYYYMMDD.HH24MISS'),
    up_user_id =:5
where survey_id =:6
2021-03-04 20:56:48,195 - MyLog - DEBUG - 
update survey
set title =:1,
    content =:2,
    interview_cnt =:3,
    deadline =:4,
    up_date =to_char(sysdate, 'YYYYMMDD.HH24MISS'),
    up_user_id =:5
where survey_id =:6
2021-03-04 20:56:48,345 - MyLog - DEBUG - 
update survey
set title =:1,
    content =:2,
    interview_cnt =:3,
    deadline =:4,
    up_date =to_char(sysdate, 'YYYYMMDD.HH24MISS'),
    up_user_id =:5
where survey_id =:6
2021-03-04 20:56:48,482 - MyLog - DEBUG - 
update survey
set title =:1,
    content =:2,
    interview_cnt =:3,
    deadline =:4,
    up_date =to_char(sysdate, 'YYYYMMDD.HH24MISS'),
    up_user_id =:5
where survey_id =:6
2021-03-04 20:56:48,628 - MyLog - DEBUG - 
update survey
set title =:1,
    content =:2,
    interview_cnt =:3,
    deadline =:4,
    up_date =to_char(sysdate, 'YYYYMMDD.HH24MISS'),
    up_user_id =:5
where survey_id =:6
2021-03-04 20:56:48,771 - MyLog - DEBUG - 
update survey
set title =:1,
    content =:2,
    interview_cnt =:3,
    deadline =:4,
    up_date =to_char(sysdate, 'YYYYMMDD.HH24MISS'),
    up_user_id =:5
where survey_id =:6
2021-03-04 20:56:48,928 - MyLog - DEBUG - 
update survey
set title =:1,
    content =:2,
    interview_cnt =:3,
    deadline =:4,
    up_date =to_char(sysdate, 'YYYYMMDD.HH24MISS'),
    up_user_id =:5
where survey_id =:6
2021-03-04 21:01:04,108 - MyLog - DEBUG - 
SELECT survey_id,
       title,
       content,
       interview_cnt,
       deadline,
       in_date,
       in_user_id,
       up_date,
       up_user_id
from survey
2021-03-04 21:01:08,534 - MyLog - DEBUG - 
update survey
set title =:1,
    content =:2,
    interview_cnt =:3,
    deadline =:4,
    up_date =to_char(sysdate, 'YYYYMMDD.HH24MISS'),
    up_user_id =:5
where survey_id =:6
2021-03-04 21:01:08,589 - MyLog - DEBUG - 
SELECT survey_id,
       title,
       content,
       interview_cnt,
       deadline,
       in_date,
       in_user_id,
       up_date,
       up_user_id
from survey
2021-03-04 21:01:15,748 - MyLog - DEBUG - 
update survey
set title =:1,
    content =:2,
    interview_cnt =:3,
    deadline =:4,
    up_date =to_char(sysdate, 'YYYYMMDD.HH24MISS'),
    up_user_id =:5
where survey_id =:6
2021-03-04 21:01:15,798 - MyLog - DEBUG - 
SELECT survey_id,
       title,
       content,
       interview_cnt,
       deadline,
       in_date,
       in_user_id,
       up_date,
       up_user_id
from survey
2021-03-04 21:01:23,222 - MyLog - DEBUG - 
SELECT USER_ID,
       PWD,
       USER_NAME,
       MOBILE,
       EMAIL,
       BIRTH,
       IN_DATE,
       IN_USER_ID,
       UP_DATE,
       UP_USER_ID
from suser
where user_id =:1
  and pwd =:2
2021-03-04 21:01:30,348 - MyLog - DEBUG - 
SELECT USER_ID,
       PWD,
       USER_NAME,
       MOBILE,
       EMAIL,
       BIRTH,
       IN_DATE,
       IN_USER_ID,
       UP_DATE,
       UP_USER_ID
from suser
where user_id =:1
  and pwd =:2
2021-03-04 21:01:47,388 - MyLog - DEBUG - 
SELECT USER_ID,
       PWD,
       USER_NAME,
       MOBILE,
       EMAIL,
       BIRTH,
       IN_DATE,
       IN_USER_ID,
       UP_DATE,
       UP_USER_ID
from suser
where user_id =:1
  and pwd =:2
