2021-03-03 16:30:03,375 - MyLog - DEBUG - 
SELECT survey_id,
       title,
       content,
       interview_cnt,
       deadline,
       in_date,
       in_user_id,
       up_date,
       up_user_id
from survey
2021-03-03 16:30:16,916 - MyLog - DEBUG - 
insert into survey (survey_id, title, content, interview_cnt, deadline, in_date, in_user_id, up_date, up_user_id)
values (:1, :2, :3, :4, :5, to_char(sysdate, 'YYYYMMDD.HH24MISS'), :6, to_char(sysdate, 'YYYYMMDD.HH24MISS'), :7)
2021-03-03 16:30:16,916 - MyLog - DEBUG - 
insert into survey (survey_id, title, content, interview_cnt, deadline, in_date, in_user_id, up_date, up_user_id)
values (:1, :2, :3, :4, :5, to_char(sysdate, 'YYYYMMDD.HH24MISS'), :6, to_char(sysdate, 'YYYYMMDD.HH24MISS'), :7)
2021-03-03 16:30:16,973 - MyLog - DEBUG - 
SELECT survey_id,
       title,
       content,
       interview_cnt,
       deadline,
       in_date,
       in_user_id,
       up_date,
       up_user_id
from survey
2021-03-03 16:30:16,973 - MyLog - DEBUG - 
SELECT survey_id,
       title,
       content,
       interview_cnt,
       deadline,
       in_date,
       in_user_id,
       up_date,
       up_user_id
from survey
2021-03-03 16:30:16,973 - MyLog - DEBUG - 
SELECT survey_id,
       title,
       content,
       interview_cnt,
       deadline,
       in_date,
       in_user_id,
       up_date,
       up_user_id
from survey
2021-03-03 16:38:30,369 - MyLog - DEBUG - 
SELECT survey_id,
       title,
       content,
       interview_cnt,
       deadline,
       in_date,
       in_user_id,
       up_date,
       up_user_id
from survey
2021-03-03 16:38:30,369 - MyLog - DEBUG - 
SELECT survey_id,
       title,
       content,
       interview_cnt,
       deadline,
       in_date,
       in_user_id,
       up_date,
       up_user_id
from survey
2021-03-03 16:38:30,369 - MyLog - DEBUG - 
SELECT survey_id,
       title,
       content,
       interview_cnt,
       deadline,
       in_date,
       in_user_id,
       up_date,
       up_user_id
from survey
2021-03-03 16:38:30,369 - MyLog - DEBUG - 
SELECT survey_id,
       title,
       content,
       interview_cnt,
       deadline,
       in_date,
       in_user_id,
       up_date,
       up_user_id
from survey
2021-03-03 16:38:37,949 - MyLog - DEBUG - 
SELECT survey_id,
       title,
       content,
       interview_cnt,
       deadline,
       in_date,
       in_user_id,
       up_date,
       up_user_id
from survey
2021-03-03 16:38:37,949 - MyLog - DEBUG - 
SELECT survey_id,
       title,
       content,
       interview_cnt,
       deadline,
       in_date,
       in_user_id,
       up_date,
       up_user_id
from survey
2021-03-03 16:38:37,949 - MyLog - DEBUG - 
SELECT survey_id,
       title,
       content,
       interview_cnt,
       deadline,
       in_date,
       in_user_id,
       up_date,
       up_user_id
from survey
2021-03-03 16:38:37,949 - MyLog - DEBUG - 
SELECT survey_id,
       title,
       content,
       interview_cnt,
       deadline,
       in_date,
       in_user_id,
       up_date,
       up_user_id
from survey
2021-03-03 16:38:37,949 - MyLog - DEBUG - 
SELECT survey_id,
       title,
       content,
       interview_cnt,
       deadline,
       in_date,
       in_user_id,
       up_date,
       up_user_id
from survey
2021-03-03 16:38:57,484 - MyLog - DEBUG - 
SELECT survey_id,
       title,
       content,
       interview_cnt,
       deadline,
       in_date,
       in_user_id,
       up_date,
       up_user_id
from survey
2021-03-04 14:06:24,385 - MyLog - DEBUG - 
SELECT USER_ID,
       PWD,
       USER_NAME,
       MOBILE,
       EMAIL,
       BIRTH,
       IN_DATE,
       IN_USER_ID,
       UP_DATE,
       UP_USER_ID
from suser
2021-03-04 14:06:31,366 - MyLog - DEBUG - 
update suser
set PWD=:1,
    USER_NAME=:2,
    MOBILE=:3,
    EMAIL=:4,
    BIRTH=:5,
    UP_DATE=to_char(sysdate, 'YYYYMMDD.HH24MISS'),
    UP_USER_ID=:6
where USER_ID=:7
2021-03-04 14:06:31,406 - MyLog - DEBUG - 
SELECT USER_ID,
       PWD,
       USER_NAME,
       MOBILE,
       EMAIL,
       BIRTH,
       IN_DATE,
       IN_USER_ID,
       UP_DATE,
       UP_USER_ID
from suser
2021-03-04 14:06:38,453 - MyLog - DEBUG - 
update suser
set PWD=:1,
    USER_NAME=:2,
    MOBILE=:3,
    EMAIL=:4,
    BIRTH=:5,
    UP_DATE=to_char(sysdate, 'YYYYMMDD.HH24MISS'),
    UP_USER_ID=:6
where USER_ID=:7
2021-03-04 14:06:38,491 - MyLog - DEBUG - 
SELECT USER_ID,
       PWD,
       USER_NAME,
       MOBILE,
       EMAIL,
       BIRTH,
       IN_DATE,
       IN_USER_ID,
       UP_DATE,
       UP_USER_ID
from suser
2021-03-04 14:07:00,928 - MyLog - DEBUG - 
update suser
set PWD=:1,
    USER_NAME=:2,
    MOBILE=:3,
    EMAIL=:4,
    BIRTH=:5,
    UP_DATE=to_char(sysdate, 'YYYYMMDD.HH24MISS'),
    UP_USER_ID=:6
where USER_ID=:7
2021-03-04 14:07:00,992 - MyLog - DEBUG - 
SELECT USER_ID,
       PWD,
       USER_NAME,
       MOBILE,
       EMAIL,
       BIRTH,
       IN_DATE,
       IN_USER_ID,
       UP_DATE,
       UP_USER_ID
from suser
2021-03-04 14:24:27,907 - MyLog - DEBUG - 
SELECT USER_ID,
       PWD,
       USER_NAME,
       MOBILE,
       EMAIL,
       BIRTH,
       IN_DATE,
       IN_USER_ID,
       UP_DATE,
       UP_USER_ID
from suser
2021-03-04 15:36:45,196 - MyLog - DEBUG - 
SELECT survey_id,
       title,
       content,
       interview_cnt,
       deadline,
       in_date,
       in_user_id,
       up_date,
       up_user_id
from survey
2021-03-04 15:40:10,630 - MyLog - DEBUG - 
SELECT USER_ID,
       PWD,
       USER_NAME,
       MOBILE,
       EMAIL,
       BIRTH,
       IN_DATE,
       IN_USER_ID,
       UP_DATE,
       UP_USER_ID
from suser
2021-03-04 15:40:36,080 - MyLog - DEBUG - 
SELECT USER_ID,
       PWD,
       USER_NAME,
       MOBILE,
       EMAIL,
       BIRTH,
       IN_DATE,
       IN_USER_ID,
       UP_DATE,
       UP_USER_ID
from suser
2021-03-04 15:40:41,175 - MyLog - DEBUG - 
SELECT survey_id,
       title,
       content,
       interview_cnt,
       deadline,
       in_date,
       in_user_id,
       up_date,
       up_user_id
from survey
2021-03-04 15:41:22,894 - MyLog - DEBUG - 
SELECT USER_ID,
       PWD,
       USER_NAME,
       MOBILE,
       EMAIL,
       BIRTH,
       IN_DATE,
       IN_USER_ID,
       UP_DATE,
       UP_USER_ID
from suser
